{
  "RSpec": {
    "coverage": {
      "/Users/shihhanwang/Documents/makers/week10/GildedRose-Refactoring-Kata/ruby/spec/gilded_rose_spec.rb": [
        1,
        null,
        1,
        null,
        1,
        null,
        1,
        1,
        1,
        1,
        null,
        null,
        1,
        1,
        1,
        1,
        1,
        null,
        null,
        1,
        1,
        1,
        12,
        1,
        1,
        null,
        null,
        1,
        1,
        1,
        8,
        1,
        1,
        null,
        null,
        null,
        1,
        null,
        1,
        1,
        1,
        1,
        1,
        null,
        null,
        1,
        1,
        1,
        53,
        1,
        1,
        null,
        null,
        null,
        1,
        null,
        1,
        1,
        1,
        1,
        1,
        null,
        null,
        null,
        null,
        1,
        null,
        1,
        1,
        1,
        1,
        1,
        null,
        null,
        1,
        1,
        1,
        1,
        1,
        null,
        null,
        1,
        1,
        1,
        1,
        1,
        null,
        null,
        1,
        1,
        1,
        1,
        1,
        null,
        null,
        1,
        1,
        1,
        1,
        1,
        null,
        null,
        null,
        null,
        1,
        null,
        1,
        1,
        1,
        1,
        1,
        null,
        null,
        1,
        1,
        1,
        9,
        1,
        1,
        null,
        null,
        null,
        null,
        null
      ],
      "/Users/shihhanwang/Documents/makers/week10/GildedRose-Refactoring-Kata/ruby/lib/gilded_rose.rb": [
        1,
        1,
        1,
        1,
        1,
        1,
        1,
        null,
        1,
        14,
        null,
        null,
        1,
        88,
        88,
        null,
        1,
        null,
        53,
        null,
        5,
        null,
        9,
        null,
        20,
        null,
        null,
        null,
        null,
        null
      ],
      "/Users/shihhanwang/Documents/makers/week10/GildedRose-Refactoring-Kata/ruby/lib/item.rb": [
        1,
        1,
        null,
        1,
        18,
        18,
        18,
        null,
        null,
        1,
        1,
        null,
        null,
        null
      ],
      "/Users/shihhanwang/Documents/makers/week10/GildedRose-Refactoring-Kata/ruby/lib/sulfuras.rb": [
        1,
        1,
        1,
        null,
        1,
        1,
        1,
        null,
        null,
        null
      ],
      "/Users/shihhanwang/Documents/makers/week10/GildedRose-Refactoring-Kata/ruby/lib/quality.rb": [
        1,
        null,
        1,
        58,
        null,
        null,
        1,
        29,
        null,
        null,
        1,
        29,
        null,
        null,
        1,
        58,
        null,
        null,
        1,
        1,
        null,
        null,
        null
      ],
      "/Users/shihhanwang/Documents/makers/week10/GildedRose-Refactoring-Kata/ruby/lib/sell_in.rb": [
        1,
        null,
        1,
        88,
        null,
        null,
        null
      ],
      "/Users/shihhanwang/Documents/makers/week10/GildedRose-Refactoring-Kata/ruby/lib/backstage.rb": [
        1,
        1,
        1,
        null,
        1,
        5,
        5,
        1,
        4,
        1,
        3,
        2,
        null,
        1,
        null,
        5,
        null,
        null,
        null
      ],
      "/Users/shihhanwang/Documents/makers/week10/GildedRose-Refactoring-Kata/ruby/lib/conjured.rb": [
        1,
        1,
        1,
        null,
        1,
        9,
        9,
        9,
        null,
        null,
        null
      ],
      "/Users/shihhanwang/Documents/makers/week10/GildedRose-Refactoring-Kata/ruby/lib/aged.rb": [
        1,
        1,
        1,
        null,
        1,
        53,
        53,
        53,
        null,
        null,
        null
      ],
      "/Users/shihhanwang/Documents/makers/week10/GildedRose-Refactoring-Kata/ruby/lib/normal.rb": [
        1,
        1,
        1,
        null,
        1,
        20,
        20,
        20,
        null,
        null,
        null
      ],
      "/Users/shihhanwang/Documents/makers/week10/GildedRose-Refactoring-Kata/ruby/spec/item_spec.rb": [
        1,
        null,
        1,
        null,
        1,
        null,
        1,
        1,
        1,
        null,
        null,
        1,
        1,
        1,
        null,
        null,
        1,
        1,
        1,
        null,
        null,
        null,
        null,
        1,
        null,
        1,
        1,
        1,
        null,
        null,
        null,
        null,
        null
      ]
    },
    "timestamp": 1527259118
  }
}
